<?xml version="1.0" encoding="UTF-8"?>
<!-- Generated by org.testng.reporters.JUnitReportReporter -->
<testsuite skipped="0" hostname="LP-GLRK7R1" name="com.mercury.tours.maven.Sign_On" tests="1" failures="0" timestamp="24 Dec 2019 06:17:31 GMT" time="35.314" errors="0">
  <testcase name="Sign_On_Successful_Login" time="35.314" classname="com.mercury.tours.maven.Sign_On"/>
</testsuite> <!-- com.mercury.tours.maven.Sign_On -->
