<?xml version="1.0" encoding="UTF-8"?>
<!-- Generated by org.testng.reporters.JUnitReportReporter -->
<testsuite skipped="0" hostname="LP-GLRK7R1" name="com.mercury.tours.maven.Links_Navigation" tests="1" failures="0" timestamp="25 Dec 2019 05:23:33 GMT" time="248.163" errors="0">
  <testcase name="Links_Navigation_Successful" time="248.163" classname="com.mercury.tours.maven.Links_Navigation"/>
</testsuite> <!-- com.mercury.tours.maven.Links_Navigation -->
