<?xml version="1.0" encoding="UTF-8"?>
<!-- Generated by org.testng.reporters.JUnitReportReporter -->
<testsuite skipped="0" hostname="LP-GLRK7R1" name="com.mercury.tours.maven.HDFC_Netbanking_Handling_Window_Alert" tests="1" failures="0" timestamp="24 Dec 2019 12:11:25 GMT" time="5.525" errors="0">
  <testcase name="Sign_On_Successful_Login" time="5.525" classname="com.mercury.tours.maven.HDFC_Netbanking_Handling_Window_Alert"/>
</testsuite> <!-- com.mercury.tours.maven.HDFC_Netbanking_Handling_Window_Alert -->
