<?xml version="1.0" encoding="UTF-8"?>
<!-- Generated by org.testng.reporters.JUnitReportReporter -->
<testsuite skipped="0" hostname="LP-GLRK7R1" name="com.mercury.tours.maven.BatchExecution_Smoke" tests="1" failures="0" timestamp="25 Dec 2019 10:52:30 GMT" time="0.010" errors="0">
  <testcase name="TestSuite" time="0.010" classname="com.mercury.tours.maven.BatchExecution_Smoke"/>
</testsuite> <!-- com.mercury.tours.maven.BatchExecution_Smoke -->
