<?xml version="1.0" encoding="UTF-8"?>
<!-- Generated by org.testng.reporters.JUnitReportReporter -->
<testsuite skipped="0" hostname="LP-GLRK7R1" name="com.mercury.tours.maven.Read_Data_From_Excel_DataProvider" tests="3" failures="0" timestamp="26 Dec 2019 06:21:45 GMT" time="388.101" errors="0">
  <testcase name="Sign_On_Successful_Login" time="239.329" classname="com.mercury.tours.maven.Read_Data_From_Excel_DataProvider"/>
  <testcase name="Sign_On_Successful_Login" time="136.775" classname="com.mercury.tours.maven.Read_Data_From_Excel_DataProvider"/>
  <testcase name="Sign_On_Successful_Login" time="11.997" classname="com.mercury.tours.maven.Read_Data_From_Excel_DataProvider"/>
</testsuite> <!-- com.mercury.tours.maven.Read_Data_From_Excel_DataProvider -->
