<?xml version="1.0" encoding="UTF-8"?>
<!-- Generated by org.testng.reporters.JUnitReportReporter -->
<testsuite skipped="0" hostname="LP-GLRK7R1" name="com.mercury.tours.maven.Sign_On_Properties" tests="1" failures="0" timestamp="26 Dec 2019 10:04:05 GMT" time="25.191" errors="0">
  <testcase name="Sign_On_Successful_Login" time="25.191" classname="com.mercury.tours.maven.Sign_On_Properties"/>
</testsuite> <!-- com.mercury.tours.maven.Sign_On_Properties -->
