<?xml version="1.0" encoding="UTF-8"?>
<!-- Generated by org.testng.reporters.JUnitReportReporter -->
<testsuite skipped="0" hostname="LP-GLRK7R1" name="com.mercury.tours.maven.Headless_Browser" tests="1" failures="0" timestamp="23 Dec 2019 12:18:31 GMT" time="56.880" errors="0">
  <testcase name="Sign_On_Successful_Login" time="56.880" classname="com.mercury.tours.maven.Headless_Browser"/>
</testsuite> <!-- com.mercury.tours.maven.Headless_Browser -->
