<?xml version="1.0" encoding="UTF-8"?>
<!-- Generated by org.testng.reporters.JUnitReportReporter -->
<testsuite skipped="0" hostname="LP-GLRK7R1" name="com.mercury.tours.maven.Sign_On_Xpath_Contains" tests="1" failures="0" timestamp="24 Dec 2019 09:14:06 GMT" time="63.034" errors="0">
  <testcase name="Sign_On_Successful_Login" time="63.034" classname="com.mercury.tours.maven.Sign_On_Xpath_Contains"/>
</testsuite> <!-- com.mercury.tours.maven.Sign_On_Xpath_Contains -->
