<?xml version="1.0" encoding="UTF-8"?>
<!-- Generated by org.testng.reporters.JUnitReportReporter -->
<testsuite skipped="0" hostname="LP-GLRK7R1" name="com.mercury.tours.maven.Read_Data_From_Excel_XLS_XLSX" tests="3" failures="0" timestamp="26 Dec 2019 10:15:52 GMT" time="424.291" errors="0">
  <testcase name="Sign_On_Successful_Login" time="45.630" classname="com.mercury.tours.maven.Read_Data_From_Excel_XLS_XLSX"/>
  <testcase name="Sign_On_Successful_Login" time="190.330" classname="com.mercury.tours.maven.Read_Data_From_Excel_XLS_XLSX"/>
  <testcase name="Sign_On_Successful_Login" time="188.331" classname="com.mercury.tours.maven.Read_Data_From_Excel_XLS_XLSX"/>
</testsuite> <!-- com.mercury.tours.maven.Read_Data_From_Excel_XLS_XLSX -->
