<?xml version="1.0" encoding="UTF-8"?>
<!-- Generated by org.testng.reporters.JUnitReportReporter -->
<testsuite skipped="0" hostname="LP-GLRK7R1" name="com.mercury.tours.maven.HDFC_Netbanking" tests="1" failures="0" timestamp="25 Dec 2019 10:52:30 GMT" time="6.491" errors="0">
  <testcase name="Sign_On_Successful_Login" time="6.491" classname="com.mercury.tours.maven.HDFC_Netbanking"/>
</testsuite> <!-- com.mercury.tours.maven.HDFC_Netbanking -->
