<?xml version="1.0" encoding="UTF-8"?>
<!-- Generated by org.testng.reporters.JUnitReportReporter -->
<testsuite skipped="0" hostname="LP-GLRK7R1" name="com.mercury.tours.maven.Yatra_Mousehovering_Action" tests="1" failures="0" timestamp="25 Dec 2019 10:52:30 GMT" time="8.236" errors="0">
  <testcase name="Sign_On_Successful_Login" time="8.236" classname="com.mercury.tours.maven.Yatra_Mousehovering_Action"/>
</testsuite> <!-- com.mercury.tours.maven.Yatra_Mousehovering_Action -->
