<?xml version="1.0" encoding="UTF-8"?>
<!-- Generated by org.testng.reporters.JUnitReportReporter -->
<testsuite skipped="0" hostname="LP-GLRK7R1" name="com.mercury.tours.maven.Sign_On_DataProvider" tests="3" failures="0" timestamp="25 Dec 2019 05:58:13 GMT" time="244.265" errors="0">
  <testcase name="Sign_On_Successful_Login" time="191.096" classname="com.mercury.tours.maven.Sign_On_DataProvider"/>
  <testcase name="Sign_On_Successful_Login" time="13.072" classname="com.mercury.tours.maven.Sign_On_DataProvider"/>
  <testcase name="Sign_On_Successful_Login" time="40.097" classname="com.mercury.tours.maven.Sign_On_DataProvider"/>
</testsuite> <!-- com.mercury.tours.maven.Sign_On_DataProvider -->
