<?xml version="1.0" encoding="UTF-8"?>
<!-- Generated by org.testng.reporters.JUnitReportReporter -->
<testsuite skipped="0" hostname="LP-GLRK7R1" name="com.mercury.tours.maven.Read_Data_From_Excel_XLSX" tests="3" failures="0" timestamp="26 Dec 2019 07:22:49 GMT" time="337.685" errors="0">
  <testcase name="Sign_On_Successful_Login" time="13.390" classname="com.mercury.tours.maven.Read_Data_From_Excel_XLSX"/>
  <testcase name="Sign_On_Successful_Login" time="187.308" classname="com.mercury.tours.maven.Read_Data_From_Excel_XLSX"/>
  <testcase name="Sign_On_Successful_Login" time="136.987" classname="com.mercury.tours.maven.Read_Data_From_Excel_XLSX"/>
</testsuite> <!-- com.mercury.tours.maven.Read_Data_From_Excel_XLSX -->
