<?xml version="1.0" encoding="UTF-8"?>
<!-- Generated by org.testng.reporters.JUnitReportReporter -->
<testsuite skipped="0" hostname="LP-GLRK7R1" name="com.mercury.tours.maven.Parameter_Sign_On" tests="1" failures="0" timestamp="25 Dec 2019 08:47:43 GMT" time="26.027" errors="0">
  <testcase name="Sign_On_Successful_Login" time="26.027" classname="com.mercury.tours.maven.Parameter_Sign_On"/>
</testsuite> <!-- com.mercury.tours.maven.Parameter_Sign_On -->
